Build started 20-Dec-15 2:10:27 PM.
     1>Project "D:\Documents\GitHub\TF-idf\C\ProyectoLenguajes\ProyectoLenguajes\ProyectoLenguajes.vcxproj" on node 2 (Build target(s)).
     1>ClCompile:
         D:\Program Files (x86)\Microsoft Visual Studio 12.0\VC\bin\CL.exe /c /ZI /nologo /W3 /WX- /Od /Oy- /D WIN32 /D _DEBUG /D _CONSOLE /D _LIB /D _UNICODE /D UNICODE /Gm /EHsc /RTC1 /MDd /GS /fp:precise /Zc:wchar_t /Zc:forScope /Fo"Debug\\" /Fd"Debug\vc120.pdb" /Gd /TP /analyze- /errorReport:prompt ProyectoLenguajes.cpp
         ProyectoLenguajes.cpp
     1>d:\documents\github\tf-idf\c\proyectolenguajes\proyectolenguajes\proyectolenguajes.cpp(36): warning C4996: 'fopen': This function or variable may be unsafe. Consider using fopen_s instead. To disable deprecation, use _CRT_SECURE_NO_WARNINGS. See online help for details.
                 d:\program files (x86)\microsoft visual studio 12.0\vc\include\stdio.h(211) : see declaration of 'fopen'
     1>d:\documents\github\tf-idf\c\proyectolenguajes\proyectolenguajes\proyectolenguajes.cpp(44): warning C4996: 'scanf': This function or variable may be unsafe. Consider using scanf_s instead. To disable deprecation, use _CRT_SECURE_NO_WARNINGS. See online help for details.
                 d:\program files (x86)\microsoft visual studio 12.0\vc\include\stdio.h(283) : see declaration of 'scanf'
     1>d:\documents\github\tf-idf\c\proyectolenguajes\proyectolenguajes\proyectolenguajes.cpp(50): warning C4996: 'scanf': This function or variable may be unsafe. Consider using scanf_s instead. To disable deprecation, use _CRT_SECURE_NO_WARNINGS. See online help for details.
                 d:\program files (x86)\microsoft visual studio 12.0\vc\include\stdio.h(283) : see declaration of 'scanf'
     1>d:\documents\github\tf-idf\c\proyectolenguajes\proyectolenguajes\proyectolenguajes.cpp(51): warning C4996: 'strcat': This function or variable may be unsafe. Consider using strcat_s instead. To disable deprecation, use _CRT_SECURE_NO_WARNINGS. See online help for details.
                 d:\program files (x86)\microsoft visual studio 12.0\vc\include\string.h(118) : see declaration of 'strcat'
     1>d:\documents\github\tf-idf\c\proyectolenguajes\proyectolenguajes\proyectolenguajes.cpp(52): warning C4996: 'strcat': This function or variable may be unsafe. Consider using strcat_s instead. To disable deprecation, use _CRT_SECURE_NO_WARNINGS. See online help for details.
                 d:\program files (x86)\microsoft visual studio 12.0\vc\include\string.h(118) : see declaration of 'strcat'
     1>d:\documents\github\tf-idf\c\proyectolenguajes\proyectolenguajes\proyectolenguajes.cpp(53): warning C4996: 'strcat': This function or variable may be unsafe. Consider using strcat_s instead. To disable deprecation, use _CRT_SECURE_NO_WARNINGS. See online help for details.
                 d:\program files (x86)\microsoft visual studio 12.0\vc\include\string.h(118) : see declaration of 'strcat'
     1>d:\documents\github\tf-idf\c\proyectolenguajes\proyectolenguajes\proyectolenguajes.cpp(59): warning C4996: 'scanf': This function or variable may be unsafe. Consider using scanf_s instead. To disable deprecation, use _CRT_SECURE_NO_WARNINGS. See online help for details.
                 d:\program files (x86)\microsoft visual studio 12.0\vc\include\stdio.h(283) : see declaration of 'scanf'
     1>d:\documents\github\tf-idf\c\proyectolenguajes\proyectolenguajes\proyectolenguajes.cpp(63): warning C4996: 'scanf': This function or variable may be unsafe. Consider using scanf_s instead. To disable deprecation, use _CRT_SECURE_NO_WARNINGS. See online help for details.
                 d:\program files (x86)\microsoft visual studio 12.0\vc\include\stdio.h(283) : see declaration of 'scanf'
     1>d:\documents\github\tf-idf\c\proyectolenguajes\proyectolenguajes\proyectolenguajes.cpp(86): warning C4996: 'fscanf': This function or variable may be unsafe. Consider using fscanf_s instead. To disable deprecation, use _CRT_SECURE_NO_WARNINGS. See online help for details.
                 d:\program files (x86)\microsoft visual studio 12.0\vc\include\stdio.h(230) : see declaration of 'fscanf'
     1>d:\documents\github\tf-idf\c\proyectolenguajes\proyectolenguajes\proyectolenguajes.cpp(89): warning C4996: 'strtok': This function or variable may be unsafe. Consider using strtok_s instead. To disable deprecation, use _CRT_SECURE_NO_WARNINGS. See online help for details.
                 d:\program files (x86)\microsoft visual studio 12.0\vc\include\string.h(204) : see declaration of 'strtok'
     1>d:\documents\github\tf-idf\c\proyectolenguajes\proyectolenguajes\proyectolenguajes.cpp(94): warning C4996: 'strtok': This function or variable may be unsafe. Consider using strtok_s instead. To disable deprecation, use _CRT_SECURE_NO_WARNINGS. See online help for details.
                 d:\program files (x86)\microsoft visual studio 12.0\vc\include\string.h(204) : see declaration of 'strtok'
     1>d:\documents\github\tf-idf\c\proyectolenguajes\proyectolenguajes\proyectolenguajes.cpp(110): warning C4996: 'strcpy': This function or variable may be unsafe. Consider using strcpy_s instead. To disable deprecation, use _CRT_SECURE_NO_WARNINGS. See online help for details.
                 d:\program files (x86)\microsoft visual studio 12.0\vc\include\string.h(112) : see declaration of 'strcpy'
       Link:
         D:\Program Files (x86)\Microsoft Visual Studio 12.0\VC\bin\link.exe /ERRORREPORT:PROMPT /OUT:"D:\Documents\GitHub\TF-idf\C\ProyectoLenguajes\Debug\ProyectoLenguajes.exe" /INCREMENTAL /NOLOGO kernel32.lib user32.lib gdi32.lib winspool.lib comdlg32.lib advapi32.lib shell32.lib ole32.lib oleaut32.lib uuid.lib odbc32.lib odbccp32.lib /MANIFEST /MANIFESTUAC:"level='asInvoker' uiAccess='false'" /manifest:embed /DEBUG /PDB:"D:\Documents\GitHub\TF-idf\C\ProyectoLenguajes\Debug\ProyectoLenguajes.pdb" /SUBSYSTEM:CONSOLE /TLBID:1 /DYNAMICBASE /NXCOMPAT /IMPLIB:"D:\Documents\GitHub\TF-idf\C\ProyectoLenguajes\Debug\ProyectoLenguajes.lib" /MACHINE:X86 Debug\ProyectoLenguajes.obj
         Debug\stdafx.obj
         ProyectoLenguajes.vcxproj -> D:\Documents\GitHub\TF-idf\C\ProyectoLenguajes\Debug\ProyectoLenguajes.exe
     1>Done Building Project "D:\Documents\GitHub\TF-idf\C\ProyectoLenguajes\ProyectoLenguajes\ProyectoLenguajes.vcxproj" (Build target(s)).

Build succeeded.

Time Elapsed 00:00:00.31
